     1                                  section .data ; сегмент инициализированных переменных
     2 00000000 507265737320456E74-     ExitMsg db "Press Enter to Exit",10 ; выводимое сообщение
     2 00000009 657220746F20457869-
     2 00000012 740A               
     3                                  lenExit equ $-ExitMsg
     4                                  section .bss ; сегмент неинициализированных переменных
     5 00000000 <res 0000000A>          InBuf resb 10 ; буфер для вводимой строки
     6                                  lenIn equ $-InBuf
     7                                  section .text ; сегмент кода
     8                                  global _start
     9                                  _start:
    10                                  
    11                                  ; write
    12 00000000 B804000000              mov eax, 4 ; системная функция 4 (write)
    13 00000005 BB01000000              mov ebx, 1 ; дескриптор файла stdout=1
    14 0000000A B9[00000000]            mov ecx, ExitMsg ; адрес выводимой строки
    15 0000000F BA14000000              mov edx, lenExit ; длина выводимой строки
    16 00000014 CD80                    int 80h ; вызов системной функции
    17                                  
    18                                  ; read
    19 00000016 B803000000              mov eax, 3 ; системная функция 3 (read)
    20 0000001B BB00000000              mov ebx, 0 ; дескриптор файла stdin=0
    21 00000020 B9[00000000]            mov ecx, InBuf ; адрес буфера ввода
    22 00000025 BA0A000000              mov edx, lenIn ; размер буфера
    23 0000002A CD80                    int 80h ; вызов системной функции
    24                                  
    25                                  ; exit
    26 0000002C B801000000              mov eax, 1 ; системная функция 1 (exit)
    27 00000031 31DB                    xor ebx, ebx ; код возврата 0
    28 00000033 CD80                    int 80h ; вызов системной функции
