     1                                  section .data ; сегмент инициализированных переменных
     2 00000000 FF                      val1 db 255
     3 00000001 0001                    chart dw 256
     4 00000003 80FF                    lue3 dw -128
     5 00000005 10                      v5 db 10h
     6 00000006 25                         db 100101B
     7 00000007 17230C                  beta db 23,23h,0ch
     8 0000000A 48656C6C6F0A            sdk db "Hello",10
     9 00000010 0180                    min dw -32767
    10 00000012 78563412                ar dd 12345678h
    11 00000016 08<rept>                valar times 5 db 8
    12                                  
    13                                  
    14                                  section .bss ; сегмент неинициализированных переменных
    15 00000000 <res 00000014>          alu resw 10
    16 00000014 <res 00000005>          f1 resb 5
    17                                  
    18                                  section .text ; сегмент кода
    19                                  
    20                                  global _start
    21                                  _start:
    22 00000000 8B0D[00000000]          mov ecx, [val1]
    23                                  
    24                                  ; write
    25                                  
    26                                  
    27                                  ; read
    28                                  
    29                                  
    30                                  ; exit
    31 00000006 B801000000              mov eax, 1 ; системная функция 1 (exit)
    32 0000000B 31DB                    xor ebx, ebx ; код возврата 0
    33 0000000D CD80                    int 80h ; вызов системной функции
